<?xml version="1.0" encoding="UTF-8"?>
<!-- Generated by org.testng.reporters.JUnitXMLReporter -->
<testsuite ignored="0" hostname="DESKTOP-5TL3RSP" failures="0" tests="3" name="Default test" time="24.127" errors="0" timestamp="29 Feb 2024 15:41:18 GMT">
  <testcase classname="testNg.dependsOnMethod" name="pagelogin" time="2.408"/>
  <testcase classname="testNg.dependsOnMethod" name="pageenter" time="1.33"/>
  <testcase classname="testNg.dependsOnMethod" name="testcase" time="0.002"/>
</testsuite> <!-- Default test -->
